[debug] [2023-12-07T18:50:35.085Z] ----------------------------------------------------------------------
[debug] [2023-12-07T18:50:35.088Z] Command:       C:\Program Files\nodejs\node.exe C:\Users\User\AppData\Roaming\npm\node_modules\firebase-tools\lib\bin\firebase.js init
[debug] [2023-12-07T18:50:35.089Z] CLI Version:   13.0.0
[debug] [2023-12-07T18:50:35.089Z] Platform:      win32
[debug] [2023-12-07T18:50:35.089Z] Node Version:  v21.4.0
[debug] [2023-12-07T18:50:35.089Z] Time:          Fri Dec 08 2023 01:50:35 GMT+0700 (เวลาอินโดจีน)
[debug] [2023-12-07T18:50:35.089Z] ----------------------------------------------------------------------
[debug] 
[debug] [2023-12-07T18:50:35.100Z] > command requires scopes: ["email","openid","https://www.googleapis.com/auth/cloudplatformprojects.readonly","https://www.googleapis.com/auth/firebase","https://www.googleapis.com/auth/cloud-platform"]
[debug] [2023-12-07T18:50:35.101Z] > authorizing via signed-in user (suradid.k@kkumail.com)
[info] 
     ######## #### ########  ######## ########     ###     ######  ########
     ##        ##  ##     ## ##       ##     ##  ##   ##  ##       ##
     ######    ##  ########  ######   ########  #########  ######  ######
     ##        ##  ##    ##  ##       ##     ## ##     ##       ## ##
     ##       #### ##     ## ######## ########  ##     ##  ######  ########

You're about to initialize a Firebase project in this directory:

  C:\Users\User\Downloads\work1

[info] 
=== Project Setup
[info] 
[info] First, let's associate this project directory with a Firebase project.
[info] You can create multiple project aliases by running firebase use --add, 
[info] but for now we'll just set up a default project.
[info] 
[debug] [2023-12-07T18:51:52.859Z] >>> [apiv2][query] GET https://firebase.googleapis.com/v1beta1/projects pageSize=100
[debug] [2023-12-07T18:51:54.140Z] <<< [apiv2][status] GET https://firebase.googleapis.com/v1beta1/projects 200
[debug] [2023-12-07T18:51:54.141Z] <<< [apiv2][body] GET https://firebase.googleapis.com/v1beta1/projects [omitted]
[info] i  Using project worksuradid (worksuradid) 
[info] 
=== Hosting Setup
[debug] [2023-12-07T18:51:59.567Z] >>> [apiv2][query] GET https://firebase.googleapis.com/v1beta1/projects/worksuradid [none]
[debug] [2023-12-07T18:52:00.138Z] <<< [apiv2][status] GET https://firebase.googleapis.com/v1beta1/projects/worksuradid 200
[debug] [2023-12-07T18:52:00.138Z] <<< [apiv2][body] GET https://firebase.googleapis.com/v1beta1/projects/worksuradid {"projectId":"worksuradid","projectNumber":"111063311705","displayName":"worksuradid","name":"projects/worksuradid","resources":{"hostingSite":"worksuradid"},"state":"ACTIVE","etag":"1_a524dea5-8ed1-4c7b-895f-418100978a1c"}
[info] 
[info] Your public directory is the folder (relative to your project directory) that
[info] will contain Hosting assets to be uploaded with firebase deploy. If you
[info] have a build process for your assets, use your build's output directory.
[info] 
[info] +  Wrote public/404.html 
[debug] [2023-12-07T18:53:14.371Z] >>> [apiv2][query] GET https://www.gstatic.com/firebasejs/releases.json [none]
[debug] [2023-12-07T18:53:14.711Z] <<< [apiv2][status] GET https://www.gstatic.com/firebasejs/releases.json 200
[debug] [2023-12-07T18:53:14.711Z] <<< [apiv2][body] GET https://www.gstatic.com/firebasejs/releases.json {"current":{"version":"10.7.1","browserURL":"https://www.gstatic.com/firebasejs/10.7.1/firebase.js","packageURL":"https://www.gstatic.com/firebasejs/10.7.1/firebase.tgz"},"live":{"version":"10.7","browserURL":"https://www.gstatic.com/firebasejs/live/10.7/firebase.js","packageURL":"https://www.gstatic.com/firebasejs/live/10.7/firebase.tgz"},"components":{"analytics":"https://www.gstatic.com/firebasejs/10.7.1/firebase-analytics.js","app":"https://www.gstatic.com/firebasejs/10.7.1/firebase-app.js","app-check":"https://www.gstatic.com/firebasejs/10.7.1/firebase-app-check.js","auth":"https://www.gstatic.com/firebasejs/10.7.1/firebase-auth.js","auth/cordova":"https://www.gstatic.com/firebasejs/10.7.1/firebase-auth/cordova.js","functions":"https://www.gstatic.com/firebasejs/10.7.1/firebase-functions.js","firestore":"https://www.gstatic.com/firebasejs/10.7.1/firebase-firestore.js","firestore/lite":"https://www.gstatic.com/firebasejs/10.7.1/firebase-firestore/lite.js","installations":"https://www.gstatic.com/firebasejs/10.7.1/firebase-installations.js","storage":"https://www.gstatic.com/firebasejs/10.7.1/firebase-storage.js","performance":"https://www.gstatic.com/firebasejs/10.7.1/firebase-performance.js","remote-config":"https://www.gstatic.com/firebasejs/10.7.1/firebase-remote-config.js","messaging":"https://www.gstatic.com/firebasejs/10.7.1/firebase-messaging.js","messaging/sw":"https://www.gstatic.com/firebasejs/10.7.1/firebase-messaging/sw.js","database":"https://www.gstatic.com/firebasejs/10.7.1/firebase-database.js","firestore.memory":"https://www.gstatic.com/firebasejs/10.7.1/firebase-firestore.memory.js"}}
[info] +  Wrote public/index.html 
[info] 
[info] i  Didn't detect a .git folder. Assuming C:\Users\User\Downloads\work1 is the project root. 
[info] i  Authorizing with GitHub to upload your service account to a GitHub repository's secrets store. 
[info] 
[info] Visit this URL on this device to log in:
[info] https://github.com/login/oauth/authorize?client_id=89cf50f02ac6aaed3484&state=858429595&redirect_uri=http%3A%2F%2Flocalhost%3A9005&scope=read%3Auser%20repo%20public_repo
[info] 
[info] Waiting for authentication...
[debug] [2023-12-07T18:53:38.415Z] >>> [apiv2][query] POST https://github.com/login/oauth/access_token [none]
[debug] [2023-12-07T18:53:38.415Z] >>> [apiv2][body] POST https://github.com/login/oauth/access_token [stream]
[debug] [2023-12-07T18:53:39.182Z] <<< [apiv2][status] POST https://github.com/login/oauth/access_token 200
[debug] [2023-12-07T18:53:39.182Z] <<< [apiv2][body] POST https://github.com/login/oauth/access_token {"access_token":"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","token_type":"bearer","scope":"read:user,repo"}
[debug] [2023-12-07T18:53:39.192Z] >>> [apiv2][query] GET https://api.github.com/user [none]
[debug] [2023-12-07T18:53:39.860Z] <<< [apiv2][status] GET https://api.github.com/user 200
[debug] [2023-12-07T18:53:39.861Z] <<< [apiv2][body] GET https://api.github.com/user {"login":"Suradid123","id":139845021,"node_id":"U_kgDOCFXdnQ","avatar_url":"https://avatars.githubusercontent.com/u/139845021?v=4","gravatar_id":"","url":"https://api.github.com/users/Suradid123","html_url":"https://github.com/Suradid123","followers_url":"https://api.github.com/users/Suradid123/followers","following_url":"https://api.github.com/users/Suradid123/following{/other_user}","gists_url":"https://api.github.com/users/Suradid123/gists{/gist_id}","starred_url":"https://api.github.com/users/Suradid123/starred{/owner}{/repo}","subscriptions_url":"https://api.github.com/users/Suradid123/subscriptions","organizations_url":"https://api.github.com/users/Suradid123/orgs","repos_url":"https://api.github.com/users/Suradid123/repos","events_url":"https://api.github.com/users/Suradid123/events{/privacy}","received_events_url":"https://api.github.com/users/Suradid123/received_events","type":"User","site_admin":false,"name":null,"company":null,"blog":"","location":null,"email":null,"hireable":null,"bio":null,"twitter_username":null,"public_repos":1,"public_gists":0,"followers":0,"following":0,"created_at":"2023-07-18T05:52:02Z","updated_at":"2023-12-07T17:39:15Z","private_gists":0,"total_private_repos":0,"owned_private_repos":0,"disk_usage":0,"collaborators":0,"two_factor_authentication":false,"plan":{"name":"free","space":976562499,"collaborators":0,"private_repos":10000}}
[info] 
[info] +  Success! Logged into GitHub as Suradid123 
[info] 
[debug] [2023-12-07T18:53:48.630Z] >>> [apiv2][query] GET https://api.github.com/repos//actions/secrets/public-key type=owner
[debug] [2023-12-07T18:53:49.217Z] <<< [apiv2][status] GET https://api.github.com/repos//actions/secrets/public-key 404
[debug] [2023-12-07T18:53:49.217Z] <<< [apiv2][body] GET https://api.github.com/repos//actions/secrets/public-key {"message":"Not Found","documentation_url":"https://docs.github.com/rest"}
[info] 
[info] 
[error] !  The provided authorization cannot be used with this repository. If this repository is in an organization, did you remember to grant access? 
[info] 
[info] i  Action required: Visit this URL to ensure access has been granted to the appropriate organization(s) for the Firebase CLI GitHub OAuth App: 
[info] https://github.com/settings/connections/applications/89cf50f02ac6aaed3484
[info] 
[debug] [2023-12-07T18:53:53.349Z] >>> [apiv2][query] GET https://api.github.com/repos/user/actions/secrets/public-key type=owner
[debug] [2023-12-07T18:53:53.720Z] <<< [apiv2][status] GET https://api.github.com/repos/user/actions/secrets/public-key 404
[debug] [2023-12-07T18:53:53.720Z] <<< [apiv2][body] GET https://api.github.com/repos/user/actions/secrets/public-key {"message":"Not Found","documentation_url":"https://docs.github.com/rest"}
[info] 
[info] 
[error] !  The provided authorization cannot be used with this repository. If this repository is in an organization, did you remember to grant access? 
[info] 
[info] i  Action required: Visit this URL to ensure access has been granted to the appropriate organization(s) for the Firebase CLI GitHub OAuth App: 
[info] https://github.com/settings/connections/applications/89cf50f02ac6aaed3484
[info] 
[debug] [2023-12-07T18:53:58.356Z] >>> [apiv2][query] GET https://api.github.com/repos//actions/secrets/public-key type=owner
[debug] [2023-12-07T18:53:58.712Z] <<< [apiv2][status] GET https://api.github.com/repos//actions/secrets/public-key 404
[debug] [2023-12-07T18:53:58.713Z] <<< [apiv2][body] GET https://api.github.com/repos//actions/secrets/public-key {"message":"Not Found","documentation_url":"https://docs.github.com/rest"}
[info] 
[info] 
[error] !  The provided authorization cannot be used with this repository. If this repository is in an organization, did you remember to grant access? 
[info] 
[info] i  Action required: Visit this URL to ensure access has been granted to the appropriate organization(s) for the Firebase CLI GitHub OAuth App: 
[info] https://github.com/settings/connections/applications/89cf50f02ac6aaed3484
[info] 
[debug] [2023-12-07T18:54:15.094Z] >>> [apiv2][query] GET https://api.github.com/repos/repository/actions/secrets/public-key type=owner
[debug] [2023-12-07T18:54:15.694Z] <<< [apiv2][status] GET https://api.github.com/repos/repository/actions/secrets/public-key 404
[debug] [2023-12-07T18:54:15.694Z] <<< [apiv2][body] GET https://api.github.com/repos/repository/actions/secrets/public-key {"message":"Not Found","documentation_url":"https://docs.github.com/rest"}
[info] 
[info] 
[error] !  The provided authorization cannot be used with this repository. If this repository is in an organization, did you remember to grant access? 
[info] 
[info] i  Action required: Visit this URL to ensure access has been granted to the appropriate organization(s) for the Firebase CLI GitHub OAuth App: 
[info] https://github.com/settings/connections/applications/89cf50f02ac6aaed3484
[info] 
